<?xml version="1.0"?><coverage lines-covered="1052" lines-valid="1357" line-rate="0.7752394988946205" branches-covered="0" branches-valid="0" branch-rate="0" complexity="0" version="1.9" timestamp="1766384031"><sources><source>/home/rmondo/repos/keyrx2</source></sources><packages><package name="keyrx_core/fuzz/target/debug/build/typenum-28ede3ebbfb92b26/out" line-rate="0" branch-rate="0" complexity="0"><classes></classes></package><package name="keyrx_compiler/src/parser" line-rate="0.8567774936061381" branch-rate="0" complexity="0"><classes><class name="core" filename="keyrx_compiler/src/parser/core.rs" line-rate="0.8666666666666667" branch-rate="0" complexity="0"><methods/><lines><line number="22" hits="0"/><line number="34" hits="29"/><line number="35" hits="29"/><line number="36" hits="29"/><line number="42" hits="29"/><line number="51" hits="29"/><line number="52" hits="29"/><line number="57" hits="17"/><line number="58" hits="18"/><line number="59" hits="1"/><line number="60" hits="1"/><line number="64" hits="16"/><line number="67" hits="28"/><line number="72" hits="28"/><line number="75" hits="10"/><line number="76" hits="28"/><line number="77" hits="6"/><line number="79" hits="10"/><line number="80" hits="10"/><line number="83" hits="0"/><line number="85" hits="20"/><line number="86" hits="10"/><line number="90" hits="0"/><line number="91" hits="0"/><line number="98" hits="10"/><line number="99" hits="10"/><line number="100" hits="10"/><line number="101" hits="1"/><line number="102" hits="1"/><line number="105" hits="1"/><line number="111" hits="10"/><line number="115" hits="10"/><line number="116" hits="10"/><line number="119" hits="10"/><line number="120" hits="10"/><line number="121" hits="14"/><line number="122" hits="14"/><line number="126" hits="3"/><line number="127" hits="3"/><line number="129" hits="3"/><line number="130" hits="3"/><line number="131" hits="3"/><line number="132" hits="3"/><line number="139" hits="0"/><line number="140" hits="0"/></lines></class><class name="validators" filename="keyrx_compiler/src/parser/validators.rs" line-rate="0.8297872340425532" branch-rate="0" complexity="0"><methods/><lines><line number="10" hits="1"/><line number="12" hits="24"/><line number="13" hits="22"/><line number="18" hits="21"/><line number="19" hits="26"/><line number="20" hits="2"/><line number="21" hits="2"/><line number="22" hits="2"/><line number="26" hits="21"/><line number="29" hits="5"/><line number="30" hits="6"/><line number="31" hits="1"/><line number="32" hits="1"/><line number="33" hits="1"/><line number="37" hits="6"/><line number="38" hits="10"/><line number="39" hits="4"/><line number="40" hits="2"/><line number="44" hits="11"/><line number="45" hits="1"/><line number="46" hits="2"/><line number="47" hits="2"/><line number="50" hits="10"/><line number="51" hits="2"/><line number="57" hits="9"/><line number="60" hits="5"/><line number="61" hits="5"/><line number="62" hits="2"/><line number="63" hits="1"/><line number="64" hits="1"/><line number="68" hits="6"/><line number="69" hits="7"/><line number="70" hits="1"/><line number="71" hits="1"/><line number="72" hits="1"/><line number="75" hits="6"/><line number="76" hits="3"/><line number="82" hits="5"/><line number="85" hits="12"/><line number="86" hits="12"/><line number="87" hits="16"/><line number="88" hits="5"/><line number="89" hits="6"/><line number="90" hits="8"/><line number="91" hits="4"/><line number="93" hits="3"/><line number="94" hits="3"/><line number="95" hits="3"/><line number="96" hits="3"/><line number="103" hits="2"/><line number="104" hits="3"/><line number="281" hits="3"/><line number="282" hits="2"/><line number="283" hits="2"/><line number="284" hits="2"/><line number="285" hits="2"/><line number="286" hits="2"/><line number="287" hits="2"/><line number="289" hits="2"/><line number="292" hits="3"/><line number="296" hits="2"/><line number="297" hits="2"/><line number="299" hits="5"/><line number="300" hits="2"/><line number="301" hits="8"/><line number="302" hits="11"/><line number="307" hits="8"/><line number="308" hits="5"/><line number="309" hits="3"/><line number="311" hits="0"/><line number="314" hits="5"/><line number="318" hits="2"/><line number="319" hits="2"/><line number="320" hits="3"/><line number="322" hits="4"/><line number="323" hits="4"/><line number="324" hits="0"/><line number="326" hits="5"/><line number="329" hits="16"/><line number="332" hits="3"/><line number="334" hits="1"/><line number="338" hits="16"/><line number="341" hits="12"/><line number="342" hits="44"/><line number="343" hits="11"/><line number="344" hits="11"/><line number="345" hits="9"/><line number="346" hits="9"/><line number="347" hits="9"/><line number="348" hits="12"/><line number="349" hits="8"/><line number="350" hits="11"/><line number="351" hits="11"/><line number="352" hits="11"/><line number="353" hits="9"/><line number="354" hits="8"/><line number="355" hits="7"/><line number="356" hits="7"/><line number="357" hits="7"/><line number="358" hits="7"/><line number="359" hits="8"/><line number="360" hits="9"/><line number="361" hits="9"/><line number="362" hits="9"/><line number="363" hits="7"/><line number="364" hits="9"/><line number="365" hits="8"/><line number="366" hits="9"/><line number="368" hits="14"/><line number="369" hits="16"/><line number="370" hits="17"/><line number="371" hits="13"/><line number="372" hits="11"/><line number="373" hits="11"/><line number="374" hits="9"/><line number="375" hits="9"/><line number="376" hits="10"/><line number="377" hits="12"/><line number="379" hits="9"/><line number="380" hits="8"/><line number="381" hits="7"/><line number="382" hits="8"/><line number="383" hits="7"/><line number="384" hits="7"/><line number="385" hits="7"/><line number="386" hits="7"/><line number="387" hits="7"/><line number="388" hits="6"/><line number="389" hits="6"/><line number="390" hits="8"/><line number="391" hits="7"/><line number="392" hits="6"/><line number="393" hits="7"/><line number="394" hits="6"/><line number="395" hits="7"/><line number="396" hits="6"/><line number="397" hits="7"/><line number="398" hits="7"/><line number="399" hits="8"/><line number="400" hits="8"/><line number="401" hits="9"/><line number="402" hits="9"/><line number="404" hits="6"/><line number="405" hits="6"/><line number="406" hits="7"/><line number="407" hits="7"/><line number="408" hits="10"/><line number="409" hits="9"/><line number="410" hits="5"/><line number="411" hits="6"/><line number="413" hits="13"/><line number="414" hits="16"/><line number="415" hits="4"/><line number="416" hits="10"/><line number="417" hits="13"/><line number="418" hits="9"/><line number="419" hits="0"/><line number="420" hits="7"/><line number="421" hits="0"/><line number="422" hits="5"/><line number="423" hits="5"/><line number="424" hits="6"/><line number="425" hits="6"/><line number="426" hits="0"/><line number="427" hits="3"/><line number="428" hits="3"/><line number="430" hits="10"/><line number="431" hits="10"/><line number="432" hits="10"/><line number="433" hits="11"/><line number="435" hits="0"/><line number="436" hits="0"/><line number="437" hits="1"/><line number="438" hits="1"/><line number="439" hits="0"/><line number="440" hits="0"/><line number="441" hits="1"/><line number="442" hits="0"/><line number="443" hits="0"/><line number="444" hits="0"/><line number="445" hits="0"/><line number="447" hits="0"/><line number="448" hits="0"/><line number="449" hits="0"/><line number="450" hits="0"/><line number="451" hits="0"/><line number="452" hits="0"/><line number="453" hits="0"/><line number="454" hits="0"/><line number="455" hits="0"/><line number="456" hits="0"/><line number="457" hits="0"/><line number="458" hits="0"/><line number="459" hits="0"/><line number="460" hits="1"/><line number="461" hits="0"/><line number="462" hits="1"/><line number="464" hits="3"/><line number="465" hits="3"/><line number="466" hits="2"/><line number="467" hits="0"/><line number="468" hits="1"/><line number="469" hits="1"/><line number="470" hits="1"/><line number="472" hits="0"/><line number="473" hits="0"/><line number="474" hits="1"/><line number="476" hits="0"/><line number="477" hits="0"/><line number="478" hits="0"/><line number="479" hits="0"/><line number="480" hits="1"/><line number="481" hits="0"/><line number="482" hits="0"/><line number="484" hits="0"/><line number="485" hits="1"/><line number="486" hits="1"/><line number="488" hits="1"/><line number="489" hits="1"/><line number="490" hits="1"/><line number="491" hits="0"/><line number="492" hits="1"/><line number="493" hits="1"/><line number="494" hits="0"/><line number="495" hits="1"/><line number="496" hits="0"/><line number="497" hits="1"/><line number="500" hits="2"/><line number="501" hits="2"/><line number="502" hits="3"/><line number="504" hits="3"/><line number="505" hits="3"/><line number="508" hits="3"/><line number="512" hits="2"/><line number="517" hits="14"/></lines></class></classes></package><package name="keyrx_compiler/src/parser/functions" line-rate="0.9099099099099099" branch-rate="0" complexity="0"><classes><class name="conditional" filename="keyrx_compiler/src/parser/functions/conditional.rs" line-rate="0.8947368421052632" branch-rate="0" complexity="0"><methods/><lines><line number="8" hits="27"/><line number="11" hits="29"/><line number="13" hits="0"/><line number="15" hits="11"/><line number="16" hits="4"/><line number="22" hits="29"/><line number="24" hits="2"/><line number="26" hits="2"/><line number="27" hits="2"/><line number="29" hits="0"/><line number="30" hits="4"/><line number="31" hits="2"/><line number="32" hits="1"/><line number="33" hits="2"/><line number="36" hits="1"/><line number="39" hits="0"/><line number="42" hits="1"/><line number="48" hits="29"/><line number="49" hits="4"/><line number="54" hits="29"/><line number="56" hits="3"/><line number="58" hits="10"/><line number="59" hits="5"/><line number="62" hits="0"/><line number="64" hits="4"/><line number="70" hits="29"/><line number="71" hits="2"/><line number="76" hits="4"/><line number="80" hits="4"/><line number="81" hits="4"/><line number="82" hits="1"/><line number="86" hits="8"/><line number="92" hits="4"/><line number="93" hits="4"/><line number="95" hits="10"/><line number="107" hits="5"/><line number="112" hits="4"/><line number="113" hits="8"/></lines></class><class name="device" filename="keyrx_compiler/src/parser/functions/device.rs" line-rate="1" branch-rate="0" complexity="0"><methods/><lines><line number="7" hits="29"/><line number="9" hits="29"/><line number="11" hits="25"/><line number="12" hits="26"/><line number="14" hits="21"/><line number="15" hits="1"/><line number="18" hits="51"/><line number="19" hits="21"/><line number="20" hits="24"/><line number="30" hits="39"/><line number="31" hits="10"/><line number="33" hits="10"/><line number="34" hits="10"/><line number="37" hits="1"/></lines></class><class name="map" filename="keyrx_compiler/src/parser/functions/map.rs" line-rate="1" branch-rate="0" complexity="0"><methods/><lines><line number="11" hits="27"/><line number="13" hits="29"/><line number="15" hits="16"/><line number="16" hits="16"/><line number="18" hits="48"/><line number="20" hits="22"/><line number="22" hits="49"/><line number="27" hits="4"/><line number="29" hits="14"/><line number="34" hits="3"/><line number="35" hits="9"/><line number="41" hits="4"/><line number="45" hits="2"/><line number="49" hits="18"/><line number="50" hits="4"/><line number="52" hits="19"/><line number="54" hits="55"/><line number="57" hits="2"/><line number="64" hits="29"/><line number="66" hits="4"/><line number="67" hits="4"/><line number="69" hits="10"/><line number="81" hits="6"/><line number="84" hits="6"/><line number="86" hits="9"/><line number="89" hits="1"/></lines></class><class name="modifiers" filename="keyrx_compiler/src/parser/functions/modifiers.rs" line-rate="0.7058823529411765" branch-rate="0" complexity="0"><methods/><lines><line number="18" hits="29"/><line number="25" hits="0"/><line number="26" hits="9"/><line number="27" hits="7"/><line number="28" hits="4"/><line number="41" hits="0"/><line number="43" hits="7"/><line number="44" hits="2"/><line number="57" hits="0"/><line number="59" hits="4"/><line number="60" hits="2"/><line number="73" hits="0"/><line number="75" hits="4"/><line number="76" hits="2"/><line number="89" hits="0"/><line number="96" hits="10"/><line number="97" hits="4"/></lines></class><class name="tap_hold" filename="keyrx_compiler/src/parser/functions/tap_hold.rs" line-rate="0.9375" branch-rate="0" complexity="0"><methods/><lines><line number="8" hits="0"/><line number="10" hits="29"/><line number="12" hits="4"/><line number="17" hits="4"/><line number="18" hits="11"/><line number="20" hits="4"/><line number="22" hits="2"/><line number="25" hits="11"/><line number="27" hits="4"/><line number="28" hits="3"/><line number="32" hits="2"/><line number="35" hits="13"/><line number="45" hits="4"/><line number="48" hits="4"/><line number="50" hits="5"/><line number="53" hits="1"/></lines></class></classes></package><package name="keyrx_core/fuzz/target/release/build/crunchy-8acb0528ba4a440f/out" line-rate="0" branch-rate="0" complexity="0"><classes></classes></package><package name="keyrx_core/fuzz/target/x86_64-unknown-linux-gnu/release/build/serde_core-553bf2e160faa017/out" line-rate="0" branch-rate="0" complexity="0"><classes></classes></package><package name="keyrx_compiler/src/cli" line-rate="0.6288659793814433" branch-rate="0" complexity="0"><classes><class name="compile" filename="keyrx_compiler/src/cli/compile.rs" line-rate="0.6" branch-rate="0" complexity="0"><methods/><lines><line number="32" hits="0"/><line number="33" hits="0"/><line number="34" hits="0"/><line number="35" hits="0"/><line number="36" hits="0"/><line number="44" hits="0"/><line number="45" hits="0"/><line number="50" hits="0"/><line number="51" hits="2"/><line number="56" hits="0"/><line number="57" hits="0"/><line number="72" hits="6"/><line number="73" hits="12"/><line number="76" hits="6"/><line number="77" hits="10"/><line number="79" hits="3"/><line number="82" hits="6"/><line number="84" hits="2"/><line number="87" hits="5"/><line number="90" hits="2"/><line number="94" hits="5"/><line number="96" hits="2"/><line number="101" hits="5"/><line number="102" hits="2"/><line number="104" hits="5"/></lines></class><class name="hash" filename="keyrx_compiler/src/cli/hash.rs" line-rate="0.9259259259259259" branch-rate="0" complexity="0"><methods/><lines><line number="31" hits="4"/><line number="32" hits="4"/><line number="33" hits="2"/><line number="34" hits="2"/><line number="40" hits="2"/><line number="41" hits="2"/><line number="47" hits="0"/><line number="55" hits="0"/><line number="56" hits="2"/><line number="71" hits="4"/><line number="73" hits="6"/><line number="77" hits="2"/><line number="78" hits="2"/><line number="79" hits="2"/><line number="85" hits="5"/><line number="90" hits="2"/><line number="91" hits="3"/><line number="94" hits="3"/><line number="96" hits="4"/><line number="101" hits="4"/><line number="104" hits="4"/><line number="105" hits="2"/><line number="107" hits="2"/><line number="108" hits="4"/><line number="109" hits="4"/><line number="110" hits="2"/><line number="117" hits="2"/></lines></class><class name="parse" filename="keyrx_compiler/src/cli/parse.rs" line-rate="0" branch-rate="0" complexity="0"><methods/><lines><line number="51" hits="0"/><line number="57" hits="0"/></lines></class><class name="verify" filename="keyrx_compiler/src/cli/verify.rs" line-rate="0.4883720930232558" branch-rate="0" complexity="0"><methods/><lines><line number="22" hits="0"/><line number="23" hits="0"/><line number="24" hits="0"/><line number="25" hits="0"/><line number="33" hits="0"/><line number="34" hits="0"/><line number="39" hits="0"/><line number="40" hits="0"/><line number="53" hits="1"/><line number="57" hits="4"/><line number="60" hits="1"/><line number="61" hits="3"/><line number="63" hits="1"/><line number="64" hits="3"/><line number="65" hits="3"/><line number="66" hits="3"/><line number="67" hits="3"/><line number="68" hits="3"/><line number="70" hits="3"/><line number="71" hits="1"/><line number="73" hits="3"/><line number="74" hits="3"/><line number="76" hits="1"/><line number="78" hits="1"/><line number="79" hits="0"/><line number="80" hits="0"/><line number="81" hits="0"/><line number="82" hits="0"/><line number="84" hits="0"/><line number="85" hits="0"/><line number="86" hits="0"/><line number="87" hits="0"/><line number="90" hits="1"/><line number="91" hits="1"/><line number="92" hits="1"/><line number="94" hits="0"/><line number="95" hits="0"/><line number="96" hits="0"/><line number="98" hits="0"/><line number="99" hits="0"/><line number="100" hits="0"/><line number="104" hits="1"/><line number="105" hits="1"/></lines></class></classes></package><package name="keyrx_core/fuzz/target/x86_64-unknown-linux-gnu/release/build/typenum-1b6fd964f3f1ecc9/out" line-rate="0" branch-rate="0" complexity="0"><classes></classes></package><package name="keyrx_compiler/keyrx_compiler/benches" line-rate="0" branch-rate="0" complexity="0"><classes></classes></package><package name="keyrx_compiler/src/error" line-rate="0.58984375" branch-rate="0" complexity="0"><classes><class name="display" filename="keyrx_compiler/src/error/display.rs" line-rate="0.3076923076923077" branch-rate="0" complexity="0"><methods/><lines><line number="7" hits="1"/><line number="8" hits="1"/><line number="9" hits="1"/><line number="18" hits="1"/><line number="24" hits="2"/><line number="35" hits="1"/><line number="45" hits="1"/><line number="55" hits="1"/><line number="65" hits="1"/><line number="81" hits="0"/><line number="82" hits="0"/><line number="83" hits="0"/><line number="84" hits="0"/><line number="85" hits="0"/><line number="92" hits="0"/><line number="93" hits="0"/><line number="94" hits="0"/><line number="95" hits="0"/><line number="96" hits="0"/><line number="102" hits="0"/><line number="113" hits="0"/><line number="114" hits="0"/><line number="115" hits="0"/><line number="116" hits="0"/><line number="124" hits="0"/><line number="125" hits="0"/><line number="130" hits="1"/><line number="131" hits="1"/><line number="132" hits="2"/><line number="138" hits="0"/><line number="139" hits="0"/><line number="142" hits="0"/><line number="143" hits="0"/><line number="146" hits="0"/><line number="147" hits="0"/><line number="151" hits="0"/><line number="153" hits="0"/><line number="161" hits="0"/><line number="162" hits="0"/></lines></class><class name="formatting" filename="keyrx_compiler/src/error/formatting.rs" line-rate="0.6405529953917051" branch-rate="0" complexity="0"><methods/><lines><line number="13" hits="0"/><line number="14" hits="0"/><line number="16" hits="0"/><line number="26" hits="10"/><line number="27" hits="11"/><line number="32" hits="6"/><line number="34" hits="4"/><line number="35" hits="4"/><line number="37" hits="2"/><line number="38" hits="2"/><line number="41" hits="2"/><line number="47" hits="2"/><line number="61" hits="12"/><line number="62" hits="12"/><line number="63" hits="10"/><line number="73" hits="19"/><line number="76" hits="18"/><line number="78" hits="27"/><line number="82" hits="27"/><line number="85" hits="20"/><line number="88" hits="22"/><line number="90" hits="11"/><line number="93" hits="11"/><line number="95" hits="1"/><line number="101" hits="1"/><line number="106" hits="1"/><line number="112" hits="1"/><line number="114" hits="1"/><line number="119" hits="1"/><line number="125" hits="1"/><line number="133" hits="9"/><line number="138" hits="10"/><line number="139" hits="10"/><line number="143" hits="18"/><line number="144" hits="11"/><line number="145" hits="11"/><line number="149" hits="11"/><line number="152" hits="11"/><line number="154" hits="14"/><line number="156" hits="7"/><line number="162" hits="33"/><line number="165" hits="8"/><line number="167" hits="4"/><line number="173" hits="11"/><line number="177" hits="1"/><line number="186" hits="2"/><line number="188" hits="3"/><line number="190" hits="1"/><line number="191" hits="3"/><line number="192" hits="2"/><line number="194" hits="1"/><line number="199" hits="2"/><line number="202" hits="1"/><line number="204" hits="1"/><line number="205" hits="2"/><line number="207" hits="1"/><line number="209" hits="2"/><line number="211" hits="1"/><line number="213" hits="2"/><line number="215" hits="1"/><line number="218" hits="2"/><line number="220" hits="1"/><line number="221" hits="1"/><line number="223" hits="3"/><line number="224" hits="3"/><line number="230" hits="1"/><line number="234" hits="1"/><line number="235" hits="2"/><line number="238" hits="2"/><line number="239" hits="3"/><line number="243" hits="1"/><line number="253" hits="4"/><line number="255" hits="9"/><line number="257" hits="2"/><line number="259" hits="2"/><line number="261" hits="7"/><line number="263" hits="4"/><line number="271" hits="8"/><line number="275" hits="7"/><line number="277" hits="11"/><line number="280" hits="5"/><line number="284" hits="1"/><line number="288" hits="2"/><line number="290" hits="2"/><line number="292" hits="1"/><line number="293" hits="4"/><line number="295" hits="8"/><line number="297" hits="4"/><line number="302" hits="5"/><line number="304" hits="1"/><line number="306" hits="8"/><line number="308" hits="4"/><line number="311" hits="4"/><line number="315" hits="1"/><line number="319" hits="3"/><line number="321" hits="4"/><line number="323" hits="2"/><line number="324" hits="2"/><line number="326" hits="6"/><line number="328" hits="2"/><line number="329" hits="2"/><line number="331" hits="1"/><line number="333" hits="2"/><line number="335" hits="3"/><line number="338" hits="2"/><line number="340" hits="1"/><line number="342" hits="5"/><line number="344" hits="1"/><line number="346" hits="6"/><line number="348" hits="3"/><line number="351" hits="2"/><line number="353" hits="1"/><line number="357" hits="1"/><line number="361" hits="1"/><line number="369" hits="2"/><line number="371" hits="3"/><line number="373" hits="1"/><line number="374" hits="2"/><line number="377" hits="1"/><line number="379" hits="1"/><line number="380" hits="3"/><line number="384" hits="2"/><line number="386" hits="1"/><line number="390" hits="1"/><line number="394" hits="1"/><line number="397" hits="2"/><line number="399" hits="1"/><line number="402" hits="1"/><line number="403" hits="4"/><line number="404" hits="1"/><line number="405" hits="3"/><line number="411" hits="2"/><line number="413" hits="1"/><line number="418" hits="1"/><line number="422" hits="1"/><line number="426" hits="2"/><line number="428" hits="2"/><line number="430" hits="1"/><line number="431" hits="1"/><line number="433" hits="2"/><line number="435" hits="1"/><line number="441" hits="1"/><line number="449" hits="0"/><line number="450" hits="0"/><line number="451" hits="0"/><line number="458" hits="0"/><line number="461" hits="0"/><line number="467" hits="0"/><line number="473" hits="0"/><line number="478" hits="0"/><line number="484" hits="0"/><line number="489" hits="0"/><line number="495" hits="0"/><line number="499" hits="0"/><line number="508" hits="0"/><line number="518" hits="0"/><line number="519" hits="0"/><line number="521" hits="0"/><line number="522" hits="0"/><line number="526" hits="0"/><line number="530" hits="0"/><line number="531" hits="0"/><line number="532" hits="0"/><line number="537" hits="0"/><line number="539" hits="0"/><line number="543" hits="0"/><line number="553" hits="0"/><line number="554" hits="0"/><line number="555" hits="0"/><line number="560" hits="0"/><line number="561" hits="0"/><line number="567" hits="0"/><line number="579" hits="0"/><line number="580" hits="0"/><line number="581" hits="0"/><line number="590" hits="0"/><line number="600" hits="0"/><line number="601" hits="0"/><line number="609" hits="0"/><line number="620" hits="0"/><line number="626" hits="0"/><line number="627" hits="0"/><line number="628" hits="0"/><line number="629" hits="0"/><line number="631" hits="0"/><line number="634" hits="0"/><line number="637" hits="0"/><line number="644" hits="0"/><line number="649" hits="0"/><line number="652" hits="0"/><line number="655" hits="0"/><line number="656" hits="0"/><line number="660" hits="0"/><line number="665" hits="0"/><line number="668" hits="0"/><line number="671" hits="0"/><line number="672" hits="0"/><line number="676" hits="0"/><line number="680" hits="0"/><line number="683" hits="0"/><line number="689" hits="0"/><line number="694" hits="0"/><line number="695" hits="0"/><line number="696" hits="0"/><line number="701" hits="0"/><line number="702" hits="0"/><line number="704" hits="0"/><line number="707" hits="0"/><line number="710" hits="0"/><line number="722" hits="0"/><line number="725" hits="0"/><line number="727" hits="0"/><line number="733" hits="0"/><line number="737" hits="0"/><line number="742" hits="0"/><line number="746" hits="0"/><line number="749" hits="0"/></lines></class></classes></package><package name="keyrx_core/src/config" line-rate="1" branch-rate="0" complexity="0"><classes><class name="mappings" filename="keyrx_core/src/config/mappings.rs" line-rate="1" branch-rate="0" complexity="0"><methods/><lines><line number="68" hits="12"/><line number="69" hits="15"/><line number="73" hits="5"/><line number="74" hits="10"/><line number="78" hits="5"/><line number="79" hits="6"/><line number="83" hits="1"/><line number="84" hits="2"/><line number="93" hits="3"/><line number="101" hits="4"/><line number="112" hits="7"/></lines></class><class name="types" filename="keyrx_core/src/config/types.rs" line-rate="1" branch-rate="0" complexity="0"><methods/><lines><line number="40" hits="1"/><line number="41" hits="1"/></lines></class></classes></package><package name="keyrx_compiler/tests" line-rate="0.987012987012987" branch-rate="0" complexity="0"><classes><class name="cli_tests" filename="keyrx_compiler/tests/cli_tests.rs" line-rate="1" branch-rate="0" complexity="0"><methods/><lines><line number="17" hits="27"/><line number="27" hits="4"/><line number="28" hits="2"/><line number="36" hits="2"/><line number="40" hits="1"/><line number="41" hits="1"/><line number="58" hits="1"/><line number="62" hits="1"/><line number="63" hits="1"/><line number="70" hits="1"/><line number="74" hits="1"/><line number="75" hits="1"/><line number="82" hits="1"/><line number="86" hits="1"/><line number="87" hits="1"/><line number="94" hits="1"/></lines></class><class name="error_formatting_tests" filename="keyrx_compiler/tests/error_formatting_tests.rs" line-rate="0.8" branch-rate="0" complexity="0"><methods/><lines><line number="15" hits="4"/><line number="19" hits="8"/><line number="22" hits="4"/><line number="23" hits="0"/><line number="31" hits="4"/></lines></class><class name="property_tests" filename="keyrx_compiler/tests/property_tests.rs" line-rate="0.9891696750902527" branch-rate="0" complexity="0"><methods/><lines><line number="24" hits="2"/><line number="32" hits="2"/><line number="33" hits="4"/><line number="71" hits="6"/><line number="72" hits="12"/><line number="73" hits="6"/><line number="74" hits="6"/><line number="79" hits="6"/><line number="80" hits="22"/><line number="81" hits="6"/><line number="82" hits="6"/><line number="83" hits="12"/><line number="84" hits="6"/><line number="89" hits="2"/><line number="90" hits="21"/><line number="92" hits="2"/><line number="93" hits="4"/><line number="95" hits="2"/><line number="96" hits="3"/><line number="98" hits="3"/><line number="99" hits="5"/><line number="102" hits="6"/><line number="103" hits="6"/><line number="104" hits="6"/><line number="107" hits="6"/><line number="108" hits="1"/><line number="117" hits="6"/><line number="118" hits="6"/><line number="119" hits="6"/><line number="120" hits="6"/><line number="121" hits="6"/><line number="122" hits="6"/><line number="124" hits="6"/><line number="125" hits="3"/><line number="138" hits="2"/><line number="139" hits="8"/><line number="140" hits="2"/><line number="142" hits="6"/><line number="143" hits="2"/><line number="145" hits="6"/><line number="153" hits="2"/><line number="154" hits="10"/><line number="155" hits="2"/><line number="156" hits="2"/><line number="157" hits="2"/><line number="158" hits="2"/><line number="159" hits="2"/><line number="161" hits="2"/><line number="165" hits="2"/><line number="167" hits="2"/><line number="168" hits="2"/><line number="170" hits="10"/><line number="179" hits="2"/><line number="184" hits="0"/><line number="193" hits="2"/><line number="195" hits="2"/><line number="196" hits="2"/><line number="199" hits="13"/><line number="211" hits="8"/><line number="213" hits="8"/><line number="221" hits="2"/><line number="222" hits="1"/><line number="223" hits="1"/><line number="226" hits="1"/><line number="227" hits="2"/><line number="234" hits="2"/><line number="236" hits="1"/><line number="239" hits="1"/><line number="242" hits="1"/><line number="243" hits="1"/><line number="244" hits="1"/><line number="245" hits="1"/><line number="246" hits="1"/><line number="247" hits="1"/><line number="248" hits="1"/><line number="250" hits="1"/><line number="251" hits="2"/><line number="252" hits="1"/><line number="254" hits="1"/><line number="255" hits="1"/><line number="256" hits="1"/><line number="260" hits="2"/><line number="261" hits="1"/><line number="262" hits="1"/><line number="263" hits="1"/><line number="265" hits="1"/><line number="266" hits="1"/><line number="267" hits="1"/><line number="278" hits="2"/><line number="279" hits="2"/><line number="282" hits="0"/><line number="287" hits="1"/><line number="288" hits="1"/><line number="291" hits="1"/><line number="293" hits="1"/><line number="295" hits="1"/><line number="297" hits="1"/><line number="300" hits="2"/><line number="307" hits="2"/><line number="308" hits="1"/><line number="311" hits="1"/><line number="315" hits="1"/><line number="322" hits="2"/><line number="323" hits="1"/><line number="324" hits="1"/><line number="327" hits="1"/><line number="328" hits="1"/><line number="331" hits="1"/><line number="338" hits="2"/><line number="339" hits="1"/><line number="342" hits="1"/><line number="345" hits="1"/><line number="346" hits="1"/><line number="347" hits="1"/><line number="348" hits="1"/><line number="349" hits="1"/><line number="357" hits="2"/><line number="358" hits="1"/><line number="361" hits="1"/><line number="362" hits="1"/><line number="363" hits="1"/><line number="364" hits="1"/><line number="367" hits="1"/><line number="368" hits="1"/><line number="369" hits="1"/><line number="370" hits="1"/><line number="371" hits="1"/><line number="379" hits="2"/><line number="380" hits="1"/><line number="383" hits="1"/><line number="384" hits="0"/><line number="388" hits="1"/><line number="391" hits="1"/><line number="392" hits="1"/><line number="393" hits="1"/><line number="394" hits="1"/><line number="395" hits="1"/><line number="561" hits="1"/><line number="562" hits="2"/><line number="607" hits="14"/><line number="612" hits="12"/><line number="617" hits="6"/><line number="621" hits="1"/><line number="622" hits="2"/><line number="627" hits="1"/><line number="628" hits="34"/><line number="630" hits="1"/><line number="631" hits="6"/><line number="633" hits="2"/><line number="634" hits="5"/><line number="636" hits="2"/><line number="637" hits="6"/><line number="640" hits="1"/><line number="641" hits="1"/><line number="645" hits="5"/><line number="646" hits="2"/><line number="652" hits="2"/><line number="653" hits="6"/><line number="655" hits="2"/><line number="656" hits="11"/><line number="658" hits="2"/><line number="659" hits="11"/><line number="661" hits="2"/><line number="662" hits="6"/><line number="668" hits="1"/><line number="670" hits="2"/><line number="671" hits="1"/><line number="673" hits="5"/><line number="674" hits="3"/><line number="677" hits="1"/><line number="683" hits="1"/><line number="685" hits="2"/><line number="686" hits="1"/><line number="688" hits="5"/><line number="689" hits="3"/><line number="692" hits="2"/><line number="698" hits="1"/><line number="700" hits="3"/><line number="701" hits="1"/><line number="702" hits="1"/><line number="703" hits="1"/><line number="706" hits="3"/><line number="707" hits="1"/><line number="708" hits="2"/><line number="709" hits="2"/><line number="714" hits="5"/><line number="715" hits="3"/><line number="718" hits="2"/><line number="725" hits="9"/><line number="733" hits="7"/><line number="735" hits="7"/><line number="742" hits="1"/><line number="744" hits="1"/><line number="745" hits="1"/><line number="746" hits="1"/><line number="749" hits="1"/><line number="750" hits="1"/><line number="753" hits="1"/><line number="756" hits="1"/><line number="757" hits="1"/><line number="758" hits="1"/><line number="759" hits="1"/><line number="760" hits="1"/><line number="768" hits="1"/><line number="769" hits="1"/><line number="770" hits="1"/><line number="771" hits="1"/><line number="773" hits="1"/><line number="774" hits="1"/><line number="776" hits="1"/><line number="777" hits="1"/><line number="784" hits="2"/><line number="785" hits="2"/><line number="787" hits="2"/><line number="792" hits="1"/><line number="793" hits="1"/><line number="794" hits="1"/><line number="796" hits="1"/><line number="797" hits="1"/><line number="799" hits="1"/><line number="801" hits="1"/><line number="802" hits="1"/><line number="803" hits="1"/><line number="810" hits="2"/><line number="811" hits="2"/><line number="812" hits="1"/><line number="813" hits="1"/><line number="815" hits="2"/><line number="820" hits="1"/><line number="821" hits="1"/><line number="822" hits="1"/><line number="824" hits="1"/><line number="825" hits="1"/><line number="827" hits="1"/><line number="829" hits="1"/><line number="830" hits="1"/><line number="831" hits="1"/><line number="838" hits="2"/><line number="839" hits="2"/><line number="840" hits="2"/><line number="842" hits="2"/><line number="847" hits="1"/><line number="848" hits="1"/><line number="849" hits="1"/><line number="851" hits="1"/><line number="852" hits="1"/><line number="854" hits="1"/><line number="856" hits="1"/><line number="857" hits="1"/><line number="858" hits="1"/><line number="865" hits="3"/><line number="866" hits="3"/><line number="867" hits="2"/><line number="868" hits="2"/><line number="870" hits="2"/><line number="875" hits="1"/><line number="876" hits="1"/><line number="877" hits="1"/><line number="879" hits="1"/><line number="880" hits="1"/><line number="882" hits="1"/><line number="884" hits="1"/><line number="885" hits="1"/><line number="893" hits="1"/><line number="894" hits="1"/><line number="895" hits="1"/><line number="896" hits="1"/><line number="898" hits="1"/><line number="899" hits="1"/><line number="901" hits="1"/><line number="903" hits="1"/><line number="904" hits="1"/><line number="906" hits="1"/><line number="908" hits="1"/><line number="909" hits="1"/><line number="910" hits="1"/><line number="911" hits="1"/></lines></class></classes></package><package name="keyrx_daemon/src" line-rate="0.45454545454545453" branch-rate="0" complexity="0"><classes><class name="config_loader" filename="keyrx_daemon/src/config_loader.rs" line-rate="0.8571428571428571" branch-rate="0" complexity="0"><methods/><lines><line number="36" hits="0"/><line number="37" hits="1"/><line number="83" hits="2"/><line number="87" hits="3"/><line number="92" hits="1"/><line number="95" hits="3"/><line number="97" hits="1"/></lines></class><class name="processor" filename="keyrx_daemon/src/processor.rs" line-rate="0.38095238095238093" branch-rate="0" complexity="0"><methods/><lines><line number="93" hits="0"/><line number="94" hits="0"/><line number="95" hits="0"/><line number="96" hits="0"/><line number="99" hits="0"/><line number="101" hits="0"/><line number="102" hits="0"/><line number="103" hits="0"/><line number="104" hits="0"/><line number="105" hits="0"/><line number="106" hits="0"/><line number="107" hits="0"/><line number="110" hits="0"/><line number="191" hits="15"/><line number="193" hits="7"/><line number="196" hits="7"/><line number="199" hits="6"/><line number="200" hits="0"/><line number="201" hits="0"/><line number="202" hits="0"/><line number="244" hits="17"/><line number="246" hits="9"/><line number="249" hits="28"/><line number="251" hits="5"/><line number="252" hits="0"/><line number="253" hits="0"/><line number="254" hits="0"/><line number="255" hits="0"/><line number="258" hits="5"/><line number="262" hits="16"/><line number="263" hits="7"/><line number="266" hits="10"/><line number="267" hits="3"/><line number="268" hits="4"/><line number="269" hits="0"/><line number="270" hits="0"/><line number="273" hits="4"/><line number="274" hits="6"/><line number="275" hits="0"/><line number="276" hits="0"/><line number="279" hits="3"/><line number="280" hits="0"/><line number="281" hits="0"/><line number="283" hits="4"/><line number="286" hits="2"/><line number="290" hits="8"/><line number="293" hits="8"/><line number="294" hits="5"/><line number="295" hits="0"/><line number="296" hits="0"/><line number="297" hits="0"/><line number="302" hits="12"/><line number="303" hits="7"/><line number="304" hits="6"/><line number="305" hits="0"/><line number="307" hits="0"/><line number="308" hits="0"/><line number="309" hits="0"/><line number="310" hits="0"/><line number="312" hits="0"/><line number="317" hits="9"/><line number="320" hits="4"/><line number="322" hits="21"/><line number="324" hits="0"/><line number="325" hits="0"/><line number="326" hits="0"/><line number="327" hits="0"/><line number="328" hits="0"/><line number="329" hits="0"/><line number="330" hits="0"/><line number="331" hits="0"/><line number="332" hits="0"/><line number="333" hits="0"/><line number="336" hits="4"/><line number="373" hits="0"/><line number="374" hits="0"/><line number="375" hits="19"/><line number="376" hits="0"/><line number="377" hits="0"/><line number="379" hits="4"/><line number="381" hits="0"/><line number="383" hits="0"/><line number="417" hits="0"/><line number="418" hits="16"/></lines></class></classes></package><package name="keyrx_daemon/src/web" line-rate="0.5416666666666666" branch-rate="0" complexity="0"><classes><class name="api" filename="keyrx_daemon/src/web/api.rs" line-rate="1" branch-rate="0" complexity="0"><methods/><lines><line number="8" hits="2"/><line number="9" hits="8"/><line number="10" hits="2"/><line number="11" hits="2"/><line number="16" hits="4"/><line number="17" hits="6"/><line number="25" hits="4"/><line number="26" hits="4"/></lines></class><class name="mod" filename="keyrx_daemon/src/web/mod.rs" line-rate="0" branch-rate="0" complexity="0"><methods/><lines><line number="15" hits="0"/><line number="16" hits="0"/><line number="17" hits="0"/><line number="18" hits="0"/><line number="19" hits="0"/><line number="20" hits="0"/><line number="25" hits="0"/><line number="26" hits="0"/><line number="27" hits="0"/><line number="28" hits="0"/></lines></class><class name="static_files" filename="keyrx_daemon/src/web/static_files.rs" line-rate="1" branch-rate="0" complexity="0"><methods/><lines><line number="8" hits="1"/><line number="9" hits="1"/><line number="10" hits="2"/></lines></class><class name="ws" filename="keyrx_daemon/src/web/ws.rs" line-rate="0.6666666666666666" branch-rate="0" complexity="0"><methods/><lines><line number="6" hits="0"/><line number="7" hits="4"/><line number="12" hits="2"/></lines></class></classes></package><package name="keyrx_daemon/tests" line-rate="0.5" branch-rate="0" complexity="0"><classes><class name="integration_tests" filename="keyrx_daemon/tests/integration_tests.rs" line-rate="0.5" branch-rate="0" complexity="0"><methods/><lines><line number="23" hits="0"/><line number="25" hits="6"/></lines></class><class name="processor_tests" filename="keyrx_daemon/tests/processor_tests.rs" line-rate="0.5" branch-rate="0" complexity="0"><methods/><lines><line number="18" hits="0"/><line number="20" hits="10"/></lines></class></classes></package><package name="keyrx_core/benches" line-rate="0" branch-rate="0" complexity="0"><classes></classes></package><package name="keyrx_compiler/tests/integration" line-rate="1" branch-rate="0" complexity="0"><classes><class name="import_tests" filename="keyrx_compiler/tests/integration/import_tests.rs" line-rate="1" branch-rate="0" complexity="0"><methods/><lines><line number="17" hits="10"/><line number="18" hits="10"/><line number="19" hits="10"/><line number="20" hits="10"/><line number="22" hits="10"/></lines></class><class name="workflow_tests" filename="keyrx_compiler/tests/integration/workflow_tests.rs" line-rate="1" branch-rate="0" complexity="0"><methods/><lines><line number="20" hits="2"/><line number="21" hits="2"/><line number="22" hits="2"/><line number="23" hits="2"/><line number="25" hits="2"/></lines></class></classes></package><package name="keyrx_daemon/src/platform" line-rate="0.5294117647058824" branch-rate="0" complexity="0"><classes><class name="mock" filename="keyrx_daemon/src/platform/mock.rs" line-rate="0.5294117647058824" branch-rate="0" complexity="0"><methods/><lines><line number="65" hits="6"/><line number="90" hits="0"/><line number="107" hits="0"/><line number="108" hits="0"/><line number="109" hits="0"/><line number="116" hits="0"/><line number="117" hits="0"/><line number="118" hits="0"/><line number="166" hits="8"/><line number="168" hits="22"/><line number="214" hits="4"/><line number="219" hits="0"/><line number="229" hits="5"/><line number="230" hits="12"/><line number="231" hits="2"/><line number="232" hits="2"/><line number="235" hits="20"/></lines></class></classes></package><package name="keyrx_core/fuzz/target/debug/build/crunchy-9459e033f0617c8f/out" line-rate="0" branch-rate="0" complexity="0"><classes></classes></package><package name="keyrx_core/fuzz/target/debug/build/serde_core-ba7374ee2250a2db/out" line-rate="0" branch-rate="0" complexity="0"><classes></classes></package><package name="keyrx_core/fuzz/target/x86_64-unknown-linux-gnu/release/build/serde-07a207b4f37d3d27/out" line-rate="0" branch-rate="0" complexity="0"><classes></classes></package><package name="keyrx_core/src" line-rate="0.8536585365853658" branch-rate="0" complexity="0"><classes></classes></package><package name="keyrx_core/src/runtime" line-rate="0.8260869565217391" branch-rate="0" complexity="0"><classes><class name="event" filename="keyrx_core/src/runtime/event.rs" line-rate="1" branch-rate="0" complexity="0"><methods/><lines><line number="41" hits="9"/><line number="73" hits="8"/><line number="81" hits="12"/><line number="84" hits="12"/><line number="85" hits="6"/><line number="89" hits="12"/><line number="92" hits="6"/><line number="93" hits="7"/><line number="94" hits="11"/><line number="111" hits="5"/><line number="113" hits="5"/><line number="123" hits="4"/><line number="138" hits="5"/><line number="141" hits="6"/><line number="144" hits="6"/><line number="147" hits="6"/><line number="150" hits="6"/><line number="153" hits="6"/><line number="157" hits="5"/><line number="158" hits="5"/><line number="161" hits="5"/><line number="164" hits="5"/><line number="167" hits="5"/><line number="173" hits="6"/></lines></class><class name="lookup" filename="keyrx_core/src/runtime/lookup.rs" line-rate="0.9333333333333333" branch-rate="0" complexity="0"><methods/><lines><line number="65" hits="18"/><line number="69" hits="20"/><line number="70" hits="15"/><line number="76" hits="12"/><line number="78" hits="9"/><line number="80" hits="10"/><line number="88" hits="12"/><line number="89" hits="7"/><line number="91" hits="10"/><line number="127" hits="20"/><line number="129" hits="11"/><line number="132" hits="28"/><line number="134" hits="17"/><line number="135" hits="6"/><line number="157" hits="0"/></lines></class><class name="state" filename="keyrx_core/src/runtime/state.rs" line-rate="0.6333333333333333" branch-rate="0" complexity="0"><methods/><lines><line number="47" hits="9"/><line number="49" hits="56"/><line number="50" hits="51"/><line number="58" hits="0"/><line number="59" hits="18"/><line number="62" hits="0"/><line number="64" hits="0"/><line number="86" hits="0"/><line number="87" hits="3"/><line number="90" hits="18"/><line number="112" hits="0"/><line number="113" hits="1"/><line number="116" hits="4"/><line number="139" hits="0"/><line number="140" hits="9"/><line number="143" hits="0"/><line number="144" hits="18"/><line number="167" hits="11"/><line number="170" hits="1"/><line number="192" hits="11"/><line number="195" hits="1"/><line number="232" hits="6"/><line number="233" hits="7"/><line number="235" hits="1"/><line number="238" hits="1"/><line number="242" hits="0"/><line number="247" hits="0"/><line number="255" hits="0"/><line number="256" hits="7"/><line number="264" hits="0"/></lines></class></classes></package><package name="keyrx_core/fuzz/fuzz_targets" line-rate="0" branch-rate="0" complexity="0"><classes></classes></package><package name="keyrx_core/fuzz/target/debug/build/serde-5e55967fd4a49097/out" line-rate="0" branch-rate="0" complexity="0"><classes></classes></package><package name="keyrx_compiler/src" line-rate="0.7412755716004813" branch-rate="0" complexity="0"><classes><class name="import_resolver" filename="keyrx_compiler/src/import_resolver.rs" line-rate="0.813953488372093" branch-rate="0" complexity="0"><methods/><lines><line number="27" hits="10"/><line number="51" hits="14"/><line number="53" hits="13"/><line number="55" hits="0"/><line number="56" hits="0"/><line number="57" hits="0"/><line number="62" hits="14"/><line number="66" hits="4"/><line number="73" hits="27"/><line number="75" hits="0"/><line number="76" hits="0"/><line number="81" hits="26"/><line number="85" hits="30"/><line number="87" hits="46"/><line number="90" hits="26"/><line number="94" hits="8"/><line number="97" hits="8"/><line number="111" hits="12"/><line number="116" hits="1"/><line number="118" hits="26"/><line number="122" hits="12"/><line number="124" hits="17"/><line number="125" hits="12"/><line number="126" hits="18"/><line number="127" hits="12"/><line number="133" hits="19"/><line number="145" hits="18"/><line number="147" hits="18"/><line number="149" hits="12"/><line number="150" hits="0"/><line number="151" hits="0"/><line number="156" hits="12"/><line number="159" hits="18"/><line number="160" hits="4"/><line number="161" hits="4"/><line number="162" hits="12"/><line number="167" hits="10"/><line number="178" hits="2"/><line number="181" hits="2"/><line number="182" hits="2"/><line number="184" hits="2"/><line number="191" hits="2"/><line number="196" hits="0"/></lines></class><class name="serialize" filename="keyrx_compiler/src/serialize.rs" line-rate="0.7727272727272727" branch-rate="0" complexity="0"><methods/><lines><line number="41" hits="12"/><line number="43" hits="26"/><line number="49" hits="14"/><line number="55" hits="12"/><line number="58" hits="16"/><line number="61" hits="12"/><line number="64" hits="17"/><line number="67" hits="14"/><line number="70" hits="18"/><line number="72" hits="10"/><line number="97" hits="17"/><line number="99" hits="8"/><line number="100" hits="3"/><line number="103" hits="3"/><line number="108" hits="16"/><line number="109" hits="10"/><line number="110" hits="14"/><line number="111" hits="12"/><line number="112" hits="15"/><line number="115" hits="12"/><line number="116" hits="14"/><line number="117" hits="3"/><line number="124" hits="11"/><line number="125" hits="17"/><line number="126" hits="3"/><line number="133" hits="9"/><line number="134" hits="16"/><line number="135" hits="0"/><line number="138" hits="0"/><line number="147" hits="9"/><line number="148" hits="0"/><line number="149" hits="0"/><line number="152" hits="14"/><line number="153" hits="0"/><line number="155" hits="0"/><line number="161" hits="12"/><line number="162" hits="14"/><line number="165" hits="12"/><line number="166" hits="7"/><line number="192" hits="11"/><line number="193" hits="0"/><line number="195" hits="0"/><line number="196" hits="0"/><line number="197" hits="0"/></lines></class></classes></package></packages></coverage>