<?xml version="1.0"?><coverage lines-covered="183" lines-valid="252" line-rate="0.7261904761904762" branches-covered="0" branches-valid="0" branch-rate="0" complexity="0" version="1.9" timestamp="1766317905"><sources><source>/home/rmondo/repos/keyrx2</source></sources><packages><package name="keyrx_compiler/tests/integration" line-rate="0" branch-rate="0" complexity="0"><classes></classes></package><package name="keyrx_core/fuzz/fuzz_targets" line-rate="0" branch-rate="0" complexity="0"><classes></classes></package><package name="keyrx_compiler/src" line-rate="0.7161016949152542" branch-rate="0" complexity="0"><classes><class name="error" filename="keyrx_compiler/src/error.rs" line-rate="1" branch-rate="0" complexity="0"><methods/><lines><line number="57" hits="14"/><line number="58" hits="14"/><line number="59" hits="2"/><line number="67" hits="2"/><line number="73" hits="2"/><line number="83" hits="4"/><line number="89" hits="4"/><line number="95" hits="2"/><line number="102" hits="2"/><line number="113" hits="6"/><line number="114" hits="2"/><line number="115" hits="4"/><line number="116" hits="4"/><line number="117" hits="4"/><line number="124" hits="4"/><line number="125" hits="4"/><line number="126" hits="6"/><line number="127" hits="2"/><line number="128" hits="4"/><line number="134" hits="2"/><line number="135" hits="2"/><line number="155" hits="4"/><line number="156" hits="2"/><line number="157" hits="4"/><line number="158" hits="2"/><line number="195" hits="8"/><line number="196" hits="8"/><line number="197" hits="4"/><line number="203" hits="2"/><line number="204" hits="2"/><line number="207" hits="2"/><line number="208" hits="2"/><line number="211" hits="2"/><line number="212" hits="2"/><line number="216" hits="2"/><line number="218" hits="2"/><line number="233" hits="2"/><line number="234" hits="2"/><line number="236" hits="6"/></lines></class><class name="import_resolver" filename="keyrx_compiler/src/import_resolver.rs" line-rate="0.7857142857142857" branch-rate="0" complexity="0"><methods/><lines><line number="24" hits="0"/><line number="48" hits="1"/><line number="50" hits="1"/><line number="52" hits="0"/><line number="53" hits="0"/><line number="54" hits="0"/><line number="58" hits="4"/><line number="62" hits="1"/><line number="69" hits="2"/><line number="71" hits="0"/><line number="72" hits="0"/><line number="76" hits="6"/><line number="80" hits="4"/><line number="82" hits="10"/><line number="85" hits="9"/><line number="89" hits="3"/><line number="92" hits="3"/><line number="106" hits="1"/><line number="113" hits="3"/><line number="117" hits="3"/><line number="119" hits="2"/><line number="120" hits="3"/><line number="121" hits="2"/><line number="122" hits="3"/><line number="128" hits="2"/><line number="140" hits="1"/><line number="142" hits="1"/><line number="144" hits="4"/><line number="145" hits="0"/><line number="146" hits="0"/><line number="150" hits="4"/><line number="153" hits="1"/><line number="154" hits="1"/><line number="155" hits="1"/><line number="156" hits="3"/><line number="160" hits="4"/><line number="171" hits="1"/><line number="174" hits="1"/><line number="175" hits="1"/><line number="177" hits="1"/><line number="184" hits="1"/><line number="189" hits="0"/></lines></class><class name="parser" filename="keyrx_compiler/src/parser.rs" line-rate="0.6258064516129033" branch-rate="0" complexity="0"><methods/><lines><line number="559" hits="2"/><line number="561" hits="3"/><line number="562" hits="2"/><line number="563" hits="2"/><line number="564" hits="2"/><line number="569" hits="3"/><line number="572" hits="3"/><line number="602" hits="2"/><line number="604" hits="2"/><line number="605" hits="2"/><line number="606" hits="2"/><line number="607" hits="2"/><line number="612" hits="2"/><line number="615" hits="3"/><line number="616" hits="4"/><line number="617" hits="2"/><line number="622" hits="5"/><line number="623" hits="2"/><line number="624" hits="2"/><line number="625" hits="2"/><line number="629" hits="3"/><line number="630" hits="3"/><line number="633" hits="2"/><line number="659" hits="3"/><line number="661" hits="4"/><line number="662" hits="2"/><line number="663" hits="2"/><line number="664" hits="2"/><line number="669" hits="4"/><line number="672" hits="5"/><line number="673" hits="0"/><line number="674" hits="0"/><line number="675" hits="0"/><line number="679" hits="5"/><line number="680" hits="2"/><line number="683" hits="4"/><line number="705" hits="4"/><line number="706" hits="5"/><line number="707" hits="4"/><line number="708" hits="2"/><line number="709" hits="3"/><line number="710" hits="4"/><line number="711" hits="2"/><line number="713" hits="2"/><line number="714" hits="2"/><line number="715" hits="2"/><line number="716" hits="2"/><line number="729" hits="3"/><line number="732" hits="4"/><line number="733" hits="2"/><line number="734" hits="2"/><line number="735" hits="2"/><line number="736" hits="2"/><line number="737" hits="2"/><line number="738" hits="2"/><line number="739" hits="2"/><line number="740" hits="2"/><line number="741" hits="2"/><line number="742" hits="2"/><line number="743" hits="2"/><line number="744" hits="2"/><line number="745" hits="2"/><line number="746" hits="2"/><line number="747" hits="2"/><line number="748" hits="2"/><line number="749" hits="2"/><line number="750" hits="2"/><line number="751" hits="2"/><line number="752" hits="2"/><line number="753" hits="2"/><line number="754" hits="2"/><line number="755" hits="2"/><line number="756" hits="2"/><line number="757" hits="2"/><line number="760" hits="4"/><line number="761" hits="0"/><line number="762" hits="0"/><line number="763" hits="0"/><line number="764" hits="0"/><line number="765" hits="0"/><line number="766" hits="0"/><line number="767" hits="0"/><line number="768" hits="0"/><line number="769" hits="0"/><line number="772" hits="4"/><line number="773" hits="0"/><line number="774" hits="0"/><line number="775" hits="0"/><line number="776" hits="0"/><line number="777" hits="0"/><line number="778" hits="0"/><line number="779" hits="0"/><line number="780" hits="0"/><line number="781" hits="0"/><line number="782" hits="0"/><line number="783" hits="0"/><line number="786" hits="2"/><line number="787" hits="2"/><line number="788" hits="2"/><line number="789" hits="2"/><line number="790" hits="0"/><line number="791" hits="0"/><line number="792" hits="2"/><line number="793" hits="2"/><line number="796" hits="4"/><line number="797" hits="4"/><line number="798" hits="0"/><line number="799" hits="0"/><line number="800" hits="4"/><line number="801" hits="0"/><line number="802" hits="2"/><line number="803" hits="0"/><line number="804" hits="0"/><line number="805" hits="0"/><line number="806" hits="0"/><line number="807" hits="0"/><line number="808" hits="0"/><line number="809" hits="0"/><line number="810" hits="0"/><line number="811" hits="0"/><line number="814" hits="0"/><line number="815" hits="0"/><line number="816" hits="0"/><line number="817" hits="0"/><line number="820" hits="0"/><line number="821" hits="0"/><line number="822" hits="0"/><line number="823" hits="0"/><line number="824" hits="0"/><line number="825" hits="0"/><line number="826" hits="0"/><line number="827" hits="0"/><line number="828" hits="0"/><line number="829" hits="0"/><line number="830" hits="0"/><line number="833" hits="2"/><line number="834" hits="2"/><line number="835" hits="2"/><line number="836" hits="2"/><line number="837" hits="2"/><line number="838" hits="2"/><line number="839" hits="2"/><line number="840" hits="2"/><line number="841" hits="2"/><line number="842" hits="2"/><line number="843" hits="0"/><line number="844" hits="0"/><line number="845" hits="0"/><line number="846" hits="0"/><line number="847" hits="0"/><line number="848" hits="0"/><line number="851" hits="2"/><line number="852" hits="2"/><line number="853" hits="2"/><line number="854" hits="2"/></lines></class></classes></package><package name="keyrx_daemon/src" line-rate="0.8571428571428571" branch-rate="0" complexity="0"><classes></classes></package><package name="keyrx_daemon/src/web" line-rate="0.8571428571428571" branch-rate="0" complexity="0"><classes><class name="api" filename="keyrx_daemon/src/web/api.rs" line-rate="1" branch-rate="0" complexity="0"><methods/><lines><line number="8" hits="1"/><line number="9" hits="4"/><line number="10" hits="1"/><line number="11" hits="1"/><line number="16" hits="2"/><line number="17" hits="3"/><line number="25" hits="2"/><line number="26" hits="2"/></lines></class><class name="static_files" filename="keyrx_daemon/src/web/static_files.rs" line-rate="0.6666666666666666" branch-rate="0" complexity="0"><methods/><lines><line number="8" hits="0"/><line number="9" hits="1"/><line number="10" hits="1"/></lines></class><class name="ws" filename="keyrx_daemon/src/web/ws.rs" line-rate="0.6666666666666666" branch-rate="0" complexity="0"><methods/><lines><line number="6" hits="0"/><line number="7" hits="2"/><line number="12" hits="1"/></lines></class></classes></package><package name="keyrx_core/benches" line-rate="0" branch-rate="0" complexity="0"><classes></classes></package><package name="keyrx_core/src" line-rate="1" branch-rate="0" complexity="0"><classes><class name="config" filename="keyrx_core/src/config.rs" line-rate="1" branch-rate="0" complexity="0"><methods/><lines><line number="36" hits="1"/><line number="37" hits="1"/></lines></class></classes></package><package name="keyrx_daemon/src/platform" line-rate="0" branch-rate="0" complexity="0"><classes></classes></package></packages></coverage>